[ 2017-09-08T19:08:54+08:00 ] ::1 /thinkphp-3.2/
INFO: [ app_init ] --START--
INFO: Run Behavior\BuildLiteBehavior [ RunTime:0.000057s ]
INFO: [ app_init ] --END-- [ RunTime:0.002810s ]
INFO: [ app_begin ] --START--
INFO: Run Behavior\ReadHtmlCacheBehavior [ RunTime:0.003987s ]
INFO: [ app_begin ] --END-- [ RunTime:0.004175s ]
INFO: [ view_parse ] --START--
INFO: Run Behavior\ParseTemplateBehavior [ RunTime:0.002618s ]
INFO: [ view_parse ] --END-- [ RunTime:0.002778s ]
INFO: [ view_filter ] --START--
INFO: Run Behavior\WriteHtmlCacheBehavior [ RunTime:0.002943s ]
INFO: [ view_filter ] --END-- [ RunTime:0.003095s ]
INFO: [ app_end ] --START--
INFO: Run Behavior\ShowPageTraceBehavior [ RunTime:0.004142s ]
INFO: [ app_end ] --END-- [ RunTime:0.004372s ]

[ 2017-09-08T19:10:12+08:00 ] ::1 /thinkphp-3.2/
INFO: [ app_init ] --START--
INFO: Run Behavior\BuildLiteBehavior [ RunTime:0.000035s ]
INFO: [ app_init ] --END-- [ RunTime:0.001272s ]
INFO: [ app_begin ] --START--
INFO: Run Behavior\ReadHtmlCacheBehavior [ RunTime:0.002781s ]
INFO: [ app_begin ] --END-- [ RunTime:0.002985s ]
INFO: [ view_parse ] --START--
INFO: Run Behavior\ParseTemplateBehavior [ RunTime:0.001914s ]
INFO: [ view_parse ] --END-- [ RunTime:0.002062s ]
INFO: [ view_filter ] --START--
INFO: Run Behavior\WriteHtmlCacheBehavior [ RunTime:0.001853s ]
INFO: [ view_filter ] --END-- [ RunTime:0.001973s ]
INFO: [ app_end ] --START--
INFO: Run Behavior\ShowPageTraceBehavior [ RunTime:0.002676s ]
INFO: [ app_end ] --END-- [ RunTime:0.002841s ]

[ 2017-09-08T20:24:41+08:00 ] ::1 /thinkphp-3.2/
INFO: [ app_init ] --START--
INFO: Run Behavior\BuildLiteBehavior [ RunTime:0.000098s ]
INFO: [ app_init ] --END-- [ RunTime:0.001870s ]
INFO: [ app_begin ] --START--
INFO: Run Behavior\ReadHtmlCacheBehavior [ RunTime:0.003871s ]
INFO: [ app_begin ] --END-- [ RunTime:0.004244s ]
INFO: [ view_parse ] --START--
INFO: Run Behavior\ParseTemplateBehavior [ RunTime:0.003642s ]
INFO: [ view_parse ] --END-- [ RunTime:0.003816s ]
INFO: [ view_filter ] --START--
INFO: Run Behavior\WriteHtmlCacheBehavior [ RunTime:0.002588s ]
INFO: [ view_filter ] --END-- [ RunTime:0.002715s ]
INFO: [ app_end ] --START--
INFO: Run Behavior\ShowPageTraceBehavior [ RunTime:0.003520s ]
INFO: [ app_end ] --END-- [ RunTime:0.003672s ]

