[ 2017-09-04T20:20:58+08:00 ] ::1 /php/0905/thinkphp-3.2/admin
INFO: [ app_init ] --START--
INFO: Run Behavior\BuildLiteBehavior [ RunTime:0.000058s ]
INFO: [ app_init ] --END-- [ RunTime:0.005565s ]
INFO: [ app_begin ] --START--
INFO: Run Behavior\ReadHtmlCacheBehavior [ RunTime:0.003874s ]
INFO: [ app_begin ] --END-- [ RunTime:0.004154s ]
ERR: 无法加载控制器:Admin

[ 2017-09-04T20:21:01+08:00 ] ::1 /php/0905/thinkphp-3.2/
INFO: [ app_init ] --START--
INFO: Run Behavior\BuildLiteBehavior [ RunTime:0.000053s ]
INFO: [ app_init ] --END-- [ RunTime:0.002664s ]
INFO: [ app_begin ] --START--
INFO: Run Behavior\ReadHtmlCacheBehavior [ RunTime:0.003028s ]
INFO: [ app_begin ] --END-- [ RunTime:0.003266s ]
INFO: [ view_parse ] --START--
INFO: [ template_filter ] --START--
INFO: Run Behavior\ContentReplaceBehavior [ RunTime:0.000134s ]
INFO: [ template_filter ] --END-- [ RunTime:0.000366s ]
INFO: Run Behavior\ParseTemplateBehavior [ RunTime:0.044828s ]
INFO: [ view_parse ] --END-- [ RunTime:0.045189s ]
INFO: [ view_filter ] --START--
INFO: Run Behavior\WriteHtmlCacheBehavior [ RunTime:0.004466s ]
INFO: [ view_filter ] --END-- [ RunTime:0.004660s ]
INFO: [ app_end ] --START--
INFO: Run Behavior\ShowPageTraceBehavior [ RunTime:0.005212s ]
INFO: [ app_end ] --END-- [ RunTime:0.005420s ]

